<?xml version="1.0" encoding="UTF-8"?>
<testng-results ignored="0" total="1" passed="1" failed="0" skipped="0">
  <reporter-output>
  </reporter-output>
  <suite started-at="2023-04-29T19:02:36 IST" name="Default suite" finished-at="2023-04-29T19:02:53 IST" duration-ms="16255">
    <groups>
    </groups>
    <test started-at="2023-04-29T19:02:36 IST" name="Default test" finished-at="2023-04-29T19:02:53 IST" duration-ms="16255">
      <class name="TestCases.VerifySignup$Verifysignup">
        <test-method is-config="true" signature="lunchbrowser()[pri:0, instance:TestCases.VerifySignup$Verifysignup@6a192cfe]" started-at="2023-04-29T19:02:36 IST" name="lunchbrowser" finished-at="2023-04-29T19:02:43 IST" duration-ms="6790" status="PASS">
          <reporter-output>
          </reporter-output>
        </test-method> <!-- lunchbrowser -->
        <test-method signature="signup()[pri:0, instance:TestCases.VerifySignup$Verifysignup@6a192cfe]" started-at="2023-04-29T19:02:43 IST" name="signup" finished-at="2023-04-29T19:02:53 IST" duration-ms="9382" status="PASS">
          <reporter-output>
          </reporter-output>
        </test-method> <!-- signup -->
      </class> <!-- TestCases.VerifySignup$Verifysignup -->
    </test> <!-- Default test -->
  </suite> <!-- Default suite -->
</testng-results>
